<?xml version="1.0" encoding="UTF-8"?>
<!-- Generated by org.testng.reporters.JUnitReportReporter -->
<testsuite skipped="0" hostname="VISHNU-PC" name="com.automation.working.day8.DemoD" tests="2" failures="0" timestamp="11 Mar 2018 07:31:23 GMT" time="0.037" errors="0">
  <testcase name="registerUser" time="0.002" classname="com.automation.working.day8.DemoD"/>
  <testcase name="registerUser" time="0.035" classname="com.automation.working.day8.DemoD"/>
</testsuite> <!-- com.automation.working.day8.DemoD -->
