<?xml version="1.0" encoding="UTF-8"?>
<!-- Generated by org.testng.reporters.JUnitReportReporter -->
<testsuite skipped="0" hostname="VISHNU-PC" name="com.automation.working.day8.DemoE" tests="1" failures="0" timestamp="11 Mar 2018 07:40:41 GMT" time="8.390" errors="0">
  <testcase name="TestE" time="8.390" classname="com.automation.working.day8.DemoE"/>
</testsuite> <!-- com.automation.working.day8.DemoE -->
